<?xml version="1.0" encoding="UTF-8"?>
<!-- Generated by org.testng.reporters.JUnitReportReporter -->
<testsuite hostname="DESKTOP-COV537M" failures="0" tests="4" name="testNGcode.Prioritization" time="0.014" errors="0" timestamp="2024-08-01T11:40:49 IST" skipped="0">
  <testcase classname="testNGcode.Prioritization" name="Took" time="0.002"/>
  <system-out/>
  <testcase classname="testNGcode.Prioritization" name="Sign" time="0.010"/>
  <system-out/>
  <testcase classname="testNGcode.Prioritization" name="Search" time="0.000"/>
  <system-out/>
  <testcase classname="testNGcode.Prioritization" name="Cancel" time="0.002"/>
  <system-out/>
</testsuite> <!-- testNGcode.Prioritization -->
