<?xml version="1.0" encoding="UTF-8"?>
<!-- Generated by org.testng.reporters.JUnitReportReporter -->
<testsuite hostname="DESKTOP-COV537M" failures="0" tests="5" name="testNGcode.Grouping" time="0.024" errors="0" timestamp="2024-09-14T14:56:15 IST" skipped="0">
  <testcase classname="testNGcode.Grouping" name="TC_003" time="0.017"/>
  <system-out/>
  <testcase classname="testNGcode.Grouping" name="TC_001" time="0.002"/>
  <system-out/>
  <testcase classname="testNGcode.Grouping" name="TC_002" time="0.002"/>
  <system-out/>
  <testcase classname="testNGcode.Grouping" name="TC_004" time="0.002"/>
  <system-out/>
  <testcase classname="testNGcode.Grouping" name="TC_005" time="0.001"/>
  <system-out/>
</testsuite> <!-- testNGcode.Grouping -->
