<?xml version="1.0" encoding="UTF-8"?>
<!-- Generated by org.testng.reporters.JUnitReportReporter -->
<testsuite hostname="DESKTOP-COV537M" failures="0" tests="1" name="pomdemo.Logtest" time="4.854" errors="0" timestamp="2024-09-10T11:18:28 IST" skipped="0">
  <testcase classname="pomdemo.Logtest" name="userlogin" time="4.854"/>
  <system-out/>
</testsuite> <!-- pomdemo.Logtest -->
