<?xml version="1.0" encoding="UTF-8"?>
<!-- Generated by org.testng.reporters.JUnitReportReporter -->
<testsuite hostname="DESKTOP-COV537M" failures="0" tests="1" name="testNGcode.FirstTestNG" time="0.009" errors="0" timestamp="2024-07-20T22:05:18 IST" skipped="0">
  <testcase classname="testNGcode.FirstTestNG" name="method1" time="0.009"/>
  <system-out/>
</testsuite> <!-- testNGcode.FirstTestNG -->
