<?xml version="1.0" encoding="UTF-8"?>
<!-- Generated by org.testng.reporters.JUnitReportReporter -->
<testsuite hostname="DESKTOP-COV537M" failures="0" tests="2" name="testNGcode.LogIn" time="3.716" errors="0" timestamp="2024-09-16T10:25:56 IST" skipped="0">
  <testcase classname="testNGcode.LogIn" name="login1" time="3.646"/>
  <system-out/>
  <testcase classname="testNGcode.LogIn" name="verify" time="0.070"/>
  <system-out/>
</testsuite> <!-- testNGcode.LogIn -->
