<?xml version="1.0" encoding="UTF-8"?>
<!-- Generated by org.testng.reporters.JUnitReportReporter -->
<testsuite hostname="DESKTOP-COV537M" failures="0" tests="4" name="testNGcode.Prioritization2" time="0.017" errors="0" timestamp="2024-07-29T22:05:25 IST" skipped="0">
  <testcase classname="testNGcode.Prioritization2" name="Book" time="0.001"/>
  <system-out/>
  <testcase classname="testNGcode.Prioritization2" name="Sign" time="0.012"/>
  <system-out/>
  <testcase classname="testNGcode.Prioritization2" name="Search" time="0.003"/>
  <system-out/>
  <testcase classname="testNGcode.Prioritization2" name="Cancel" time="0.001"/>
  <system-out/>
</testsuite> <!-- testNGcode.Prioritization2 -->
