<?xml version="1.0" encoding="UTF-8"?>
<!-- Generated by org.testng.reporters.JUnitReportReporter -->
<testsuite hostname="DESKTOP-COV537M" failures="0" tests="1" name="testNGcode.Extentreport" time="1.300" errors="0" timestamp="2024-09-01T11:32:15 IST" skipped="0">
  <testcase classname="testNGcode.Extentreport" name="num" time="1.300"/>
  <system-out/>
</testsuite> <!-- testNGcode.Extentreport -->
