<?xml version="1.0" encoding="UTF-8"?>
<!-- Generated by org.testng.reporters.JUnitReportReporter -->
<testsuite hostname="DESKTOP-COV537M" failures="0" tests="5" name="testNGcode.IgnoreTest2" time="0.006" errors="0" timestamp="2024-07-29T22:27:51 IST" skipped="1">
  <testcase classname="testNGcode.IgnoreTest2" name="TC009" time="0.002"/>
  <system-out/>
  <testcase classname="testNGcode.IgnoreTest2" name="TC006" time="0.001"/>
  <system-out/>
  <testcase classname="testNGcode.IgnoreTest2" name="TC008" time="0.002"/>
  <system-out/>
  <testcase classname="testNGcode.IgnoreTest2" name="TC0010" time="0.001"/>
  <system-out/>
  <testcase classname="testNGcode.IgnoreTest2" name="TC007">
    <skipped/>
  </testcase> <!-- TC007 -->
  <system-out/>
</testsuite> <!-- testNGcode.IgnoreTest2 -->
