<?xml version="1.0" encoding="UTF-8"?>
<!-- Generated by org.testng.reporters.JUnitReportReporter -->
<testsuite hostname="DESKTOP-COV537M" failures="0" tests="5" name="testNGcode.IgnoreTest" time="0.021" errors="0" timestamp="2024-07-29T22:33:55 IST" skipped="1">
  <testcase classname="testNGcode.IgnoreTest" name="TC002" time="0.011"/>
  <system-out/>
  <testcase classname="testNGcode.IgnoreTest" name="TC005" time="0.002"/>
  <system-out/>
  <testcase classname="testNGcode.IgnoreTest" name="TC004" time="0.002"/>
  <system-out/>
  <testcase classname="testNGcode.IgnoreTest" name="TC003" time="0.006"/>
  <system-out/>
  <testcase classname="testNGcode.IgnoreTest" name="TC001">
    <skipped/>
  </testcase> <!-- TC001 -->
  <system-out/>
</testsuite> <!-- testNGcode.IgnoreTest -->
