<?xml version="1.0" encoding="UTF-8"?>
<!-- Generated by org.testng.reporters.JUnitReportReporter -->
<testsuite hostname="DESKTOP-COV537M" failures="0" tests="8" name="testNGcode.DataProvider1" time="0.011" errors="0" timestamp="2024-09-16T10:25:56 IST" skipped="0">
  <testcase classname="testNGcode.DataProvider1" name="Run" time="0.001"/>
  <system-out/>
  <testcase classname="testNGcode.DataProvider1" name="run" time="0.001"/>
  <system-out/>
  <testcase classname="testNGcode.DataProvider1" name="run" time="0.001"/>
  <system-out/>
  <testcase classname="testNGcode.DataProvider1" name="run" time="0.000"/>
  <system-out/>
  <testcase classname="testNGcode.DataProvider1" name="Run" time="0.001"/>
  <system-out/>
  <testcase classname="testNGcode.DataProvider1" name="Run" time="0.006"/>
  <system-out/>
  <testcase classname="testNGcode.DataProvider1" name="run" time="0.001"/>
  <system-out/>
  <testcase classname="testNGcode.DataProvider1" name="run" time="0.000"/>
  <system-out/>
</testsuite> <!-- testNGcode.DataProvider1 -->
