<?xml version="1.0" encoding="UTF-8"?>
<!-- Generated by org.testng.reporters.JUnitReportReporter -->
<testsuite hostname="DESKTOP-COV537M" failures="0" tests="5" name="testNGcode.DataProvider1" time="0.024" errors="0" timestamp="2024-08-05T12:16:33 IST" skipped="0">
  <testcase classname="testNGcode.DataProvider1" name="run" time="0.003"/>
  <system-out/>
  <testcase classname="testNGcode.DataProvider1" name="run" time="0.004"/>
  <system-out/>
  <testcase classname="testNGcode.DataProvider1" name="run" time="0.003"/>
  <system-out/>
  <testcase classname="testNGcode.DataProvider1" name="run" time="0.010"/>
  <system-out/>
  <testcase classname="testNGcode.DataProvider1" name="run" time="0.004"/>
  <system-out/>
</testsuite> <!-- testNGcode.DataProvider1 -->
