<?xml version="1.0" encoding="UTF-8"?>
<!-- Generated by org.testng.reporters.JUnitReportReporter -->
<testsuite hostname="DESKTOP-COV537M" failures="0" tests="3" name="testNGcode.TimeAndInvocation" time="17.318" errors="0" timestamp="2024-08-05T15:54:08 IST" skipped="0">
  <testcase classname="testNGcode.TimeAndInvocation" name="check" time="6.880"/>
  <system-out/>
  <testcase classname="testNGcode.TimeAndInvocation" name="check" time="6.433"/>
  <system-out/>
  <testcase classname="testNGcode.TimeAndInvocation" name="check" time="4.005"/>
  <system-out/>
</testsuite> <!-- testNGcode.TimeAndInvocation -->
