<?xml version="1.0" encoding="UTF-8"?>
<!-- Generated by org.testng.reporters.JUnitReportReporter -->
<testsuite hostname="DESKTOP-COV537M" failures="0" tests="1" name="testNGcode.DataproviderPicker" time="0.021" errors="0" timestamp="2024-08-05T12:51:43 IST" skipped="0">
  <testcase classname="testNGcode.DataproviderPicker" name="f" time="0.021"/>
  <system-out/>
</testsuite> <!-- testNGcode.DataproviderPicker -->
