<?xml version="1.0" encoding="UTF-8"?>
<!-- Generated by org.testng.reporters.JUnitReportReporter -->
<testsuite hostname="DESKTOP-COV537M" failures="0" tests="2" name="testNGcode.OrangeHRM" time="5.891" errors="0" timestamp="2024-07-23T13:04:52 IST" skipped="0">
  <testcase classname="testNGcode.OrangeHRM" name="search" time="3.120"/>
  <system-out/>
  <testcase classname="testNGcode.OrangeHRM" name="click" time="2.771"/>
  <system-out/>
</testsuite> <!-- testNGcode.OrangeHRM -->
