<?xml version="1.0" encoding="UTF-8"?>
<!-- Generated by org.testng.reporters.JUnitReportReporter -->
<testsuite hostname="DESKTOP-COV537M" failures="0" tests="8" name="testNGcode.TwoDdataprovider" time="0.033" errors="0" timestamp="2024-08-05T12:32:34 IST" skipped="0">
  <testcase classname="testNGcode.TwoDdataprovider" name="run1" time="0.003"/>
  <system-out/>
  <testcase classname="testNGcode.TwoDdataprovider" name="run" time="0.002"/>
  <system-out/>
  <testcase classname="testNGcode.TwoDdataprovider" name="run1" time="0.002"/>
  <system-out/>
  <testcase classname="testNGcode.TwoDdataprovider" name="run" time="0.009"/>
  <system-out/>
  <testcase classname="testNGcode.TwoDdataprovider" name="run1" time="0.006"/>
  <system-out/>
  <testcase classname="testNGcode.TwoDdataprovider" name="run1" time="0.004"/>
  <system-out/>
  <testcase classname="testNGcode.TwoDdataprovider" name="run" time="0.004"/>
  <system-out/>
  <testcase classname="testNGcode.TwoDdataprovider" name="run" time="0.003"/>
  <system-out/>
</testsuite> <!-- testNGcode.TwoDdataprovider -->
