<?xml version="1.0" encoding="UTF-8"?>
<!-- Generated by org.testng.reporters.JUnitReportReporter -->
<testsuite hostname="DESKTOP-COV537M" failures="0" tests="1" name="testNGcode.FirstTestNG" time="0.000" errors="0" timestamp="2024-09-14T14:51:48 IST" skipped="0">
  <testcase classname="testNGcode.FirstTestNG" name="method1" time="0.000"/>
  <system-out/>
</testsuite> <!-- testNGcode.FirstTestNG -->
