<?xml version="1.0" encoding="UTF-8"?>
<!-- Generated by org.testng.reporters.JUnitReportReporter -->
<testsuite hostname="DESKTOP-COV537M" failures="0" tests="1" name="testNGcode.WorkingwithExcel" time="2.152" errors="0" timestamp="2024-09-14T14:51:48 IST" skipped="0">
  <testcase classname="testNGcode.WorkingwithExcel" name="excelcode" time="2.152"/>
  <system-out/>
</testsuite> <!-- testNGcode.WorkingwithExcel -->
