<?xml version="1.0" encoding="UTF-8"?>
<!-- Generated by org.testng.reporters.JUnitReportReporter -->
<testsuite hostname="DESKTOP-COV537M" failures="0" tests="7" name="testNGcode.Enabled" time="0.022" errors="0" timestamp="2024-08-05T10:35:38 IST" skipped="6">
  <testcase classname="testNGcode.Enabled" name="TC004" time="0.022"/>
  <system-out/>
  <testcase classname="testNGcode.Enabled" name="TC003">
    <skipped/>
  </testcase> <!-- TC003 -->
  <system-out/>
  <testcase classname="testNGcode.Enabled" name="TC003">
    <skipped/>
  </testcase> <!-- TC003 -->
  <system-out/>
  <testcase classname="testNGcode.Enabled" name="TC003">
    <skipped/>
  </testcase> <!-- TC003 -->
  <system-out/>
  <testcase classname="testNGcode.Enabled" name="TC002">
    <skipped/>
  </testcase> <!-- TC002 -->
  <system-out/>
  <testcase classname="testNGcode.Enabled" name="TC002">
    <skipped/>
  </testcase> <!-- TC002 -->
  <system-out/>
  <testcase classname="testNGcode.Enabled" name="TC002">
    <skipped/>
  </testcase> <!-- TC002 -->
  <system-out/>
</testsuite> <!-- testNGcode.Enabled -->
