<?xml version="1.0" encoding="UTF-8"?>
<!-- Generated by org.testng.reporters.JUnitReportReporter -->
<testsuite hostname="DESKTOP-COV537M" failures="0" tests="5" name="testNGcode.Grouping" time="0.023" errors="0" timestamp="2024-08-05T10:46:20 IST" skipped="0">
  <testcase classname="testNGcode.Grouping" name="TC_002" time="0.003"/>
  <system-out/>
  <testcase classname="testNGcode.Grouping" name="TC_003" time="0.003"/>
  <system-out/>
  <testcase classname="testNGcode.Grouping" name="TC_004" time="0.002"/>
  <system-out/>
  <testcase classname="testNGcode.Grouping" name="TC_001" time="0.013"/>
  <system-out/>
  <testcase classname="testNGcode.Grouping" name="TC_005" time="0.002"/>
  <system-out/>
</testsuite> <!-- testNGcode.Grouping -->
