<?xml version="1.0" encoding="UTF-8"?>
<!-- Generated by org.testng.reporters.JUnitReportReporter -->
<testsuite hostname="DESKTOP-COV537M" failures="0" tests="1" name="gtc001.ExtenReportss" time="6.897" errors="0" timestamp="2024-09-14T14:48:58 IST" skipped="0">
  <testcase classname="gtc001.ExtenReportss" name="Extent" time="6.897"/>
  <system-out/>
</testsuite> <!-- gtc001.ExtenReportss -->
