<?xml version="1.0" encoding="UTF-8"?>
<!-- Generated by org.testng.reporters.JUnitReportReporter -->
<testsuite hostname="DESKTOP-COV537M" failures="0" tests="1" name="Testclass.LoginTest" time="1.818" errors="0" timestamp="2024-09-09T12:59:40 IST" skipped="0">
  <testcase classname="Testclass.LoginTest" name="LoginPageTest" time="1.818"/>
  <system-out/>
</testsuite> <!-- Testclass.LoginTest -->
