<?xml version="1.0" encoding="UTF-8"?>
<!-- Generated by org.testng.reporters.JUnitReportReporter -->
<testsuite hostname="DESKTOP-COV537M" failures="0" tests="4" name="testNGcode.Prioritization" time="0.026" errors="0" timestamp="2024-09-16T10:25:56 IST" skipped="0">
  <testcase classname="testNGcode.Prioritization" name="Book" time="0.008"/>
  <system-out/>
  <testcase classname="testNGcode.Prioritization" name="Sign" time="0.002"/>
  <system-out/>
  <testcase classname="testNGcode.Prioritization" name="Search" time="0.007"/>
  <system-out/>
  <testcase classname="testNGcode.Prioritization" name="Cancel" time="0.009"/>
  <system-out/>
</testsuite> <!-- testNGcode.Prioritization -->
