<?xml version="1.0" encoding="UTF-8"?>
<!-- Generated by org.testng.reporters.JUnitReportReporter -->
<testsuite hostname="DESKTOP-COV537M" failures="0" tests="1" name="testNGcode.WorkingwithExcel" time="1.078" errors="0" timestamp="2024-08-13T10:34:22 IST" skipped="0">
  <testcase classname="testNGcode.WorkingwithExcel" name="excelcode" time="1.078"/>
  <system-out/>
</testsuite> <!-- testNGcode.WorkingwithExcel -->
