<?xml version="1.0" encoding="UTF-8"?>
<!-- Generated by org.testng.reporters.JUnitReportReporter -->
<testsuite hostname="DESKTOP-COV537M" failures="0" tests="4" name="testNGcode.Prioritization2" time="0.011" errors="0" timestamp="2024-09-14T14:56:15 IST" skipped="0">
  <testcase classname="testNGcode.Prioritization2" name="Cancel" time="0.006"/>
  <system-out/>
  <testcase classname="testNGcode.Prioritization2" name="Sign" time="0.002"/>
  <system-out/>
  <testcase classname="testNGcode.Prioritization2" name="Book" time="0.002"/>
  <system-out/>
  <testcase classname="testNGcode.Prioritization2" name="Search" time="0.001"/>
  <system-out/>
</testsuite> <!-- testNGcode.Prioritization2 -->
