<?xml version="1.0" encoding="UTF-8"?>
<!-- Generated by org.testng.reporters.JUnitReportReporter -->
<testsuite hostname="DESKTOP-COV537M" failures="0" tests="5" name="testNGcode.Grouping2" time="0.015" errors="0" timestamp="2024-08-05T10:46:20 IST" skipped="0">
  <testcase classname="testNGcode.Grouping2" name="TC_007" time="0.002"/>
  <system-out/>
  <testcase classname="testNGcode.Grouping2" name="TC_008" time="0.002"/>
  <system-out/>
  <testcase classname="testNGcode.Grouping2" name="TC_009" time="0.006"/>
  <system-out/>
  <testcase classname="testNGcode.Grouping2" name="TC_006" time="0.003"/>
  <system-out/>
  <testcase classname="testNGcode.Grouping2" name="TC_010" time="0.002"/>
  <system-out/>
</testsuite> <!-- testNGcode.Grouping2 -->
