<?xml version="1.0" encoding="UTF-8"?>
<!-- Generated by org.testng.reporters.JUnitReportReporter -->
<testsuite hostname="DESKTOP-COV537M" failures="0" tests="1" name="gtc001.ExtenReportss" time="7.185" errors="0" timestamp="2024-09-02T15:40:14 IST" skipped="0">
  <testcase classname="gtc001.ExtenReportss" name="Extent" time="7.185"/>
  <system-out/>
</testsuite> <!-- gtc001.ExtenReportss -->
