<?xml version="1.0" encoding="UTF-8"?>
<!-- Generated by org.testng.reporters.JUnitReportReporter -->
<testsuite hostname="DESKTOP-COV537M" failures="0" tests="2" name="testNGcode.LogIn" time="4.099" errors="0" timestamp="2024-09-16T11:39:38 IST" skipped="0">
  <testcase classname="testNGcode.LogIn" name="login1" time="4.058"/>
  <testcase classname="testNGcode.LogIn" name="verify" time="0.041"/>
</testsuite> <!-- testNGcode.LogIn -->
