<?xml version="1.0" encoding="UTF-8"?>
<!-- Generated by org.testng.reporters.JUnitReportReporter -->
<testsuite hostname="DESKTOP-COV537M" failures="0" tests="4" name="testNGcode.Prioritization" time="0.008" errors="0" timestamp="2024-09-14T15:02:34 IST" skipped="0">
  <testcase classname="testNGcode.Prioritization" name="Book" time="0.005"/>
  <system-out/>
  <testcase classname="testNGcode.Prioritization" name="Sign" time="0.000"/>
  <system-out/>
  <testcase classname="testNGcode.Prioritization" name="Search" time="0.001"/>
  <system-out/>
  <testcase classname="testNGcode.Prioritization" name="Cancel" time="0.002"/>
  <system-out/>
</testsuite> <!-- testNGcode.Prioritization -->
