<?xml version="1.0" encoding="UTF-8"?>
<!-- Generated by org.testng.reporters.JUnitReportReporter -->
<testsuite hostname="DESKTOP-COV537M" failures="0" tests="4" name="testNGcode.Prioritization2" time="0.002" errors="0" timestamp="2024-09-16T10:33:13 IST" skipped="0">
  <testcase classname="testNGcode.Prioritization2" name="Cancel" time="0.000"/>
  <testcase classname="testNGcode.Prioritization2" name="Search" time="0.001"/>
  <testcase classname="testNGcode.Prioritization2" name="Sign" time="0.001"/>
  <testcase classname="testNGcode.Prioritization2" name="Book" time="0.000"/>
</testsuite> <!-- testNGcode.Prioritization2 -->
