<?xml version="1.0" encoding="UTF-8"?>
<!-- Generated by org.testng.reporters.JUnitReportReporter -->
<testsuite hostname="DESKTOP-COV537M" failures="0" tests="8" name="testNGcode.TwoDdataprovider" time="0.010" errors="0" timestamp="2024-09-16T11:39:38 IST" skipped="0">
  <testcase classname="testNGcode.TwoDdataprovider" name="run1" time="0.000"/>
  <testcase classname="testNGcode.TwoDdataprovider" name="run" time="0.002"/>
  <testcase classname="testNGcode.TwoDdataprovider" name="run" time="0.003"/>
  <testcase classname="testNGcode.TwoDdataprovider" name="run" time="0.001"/>
  <testcase classname="testNGcode.TwoDdataprovider" name="run1" time="0.001"/>
  <testcase classname="testNGcode.TwoDdataprovider" name="run" time="0.001"/>
  <testcase classname="testNGcode.TwoDdataprovider" name="run1" time="0.001"/>
  <testcase classname="testNGcode.TwoDdataprovider" name="run1" time="0.001"/>
</testsuite> <!-- testNGcode.TwoDdataprovider -->
