<?xml version="1.0" encoding="UTF-8"?>
<!-- Generated by org.testng.reporters.JUnitReportReporter -->
<testsuite hostname="DESKTOP-COV537M" failures="0" tests="5" name="testNGcode.IgnoreTest" time="0.004" errors="0" timestamp="2024-09-16T11:39:38 IST" skipped="1">
  <testcase classname="testNGcode.IgnoreTest" name="TC005" time="0.001"/>
  <testcase classname="testNGcode.IgnoreTest" name="TC004" time="0.001"/>
  <testcase classname="testNGcode.IgnoreTest" name="TC003" time="0.001"/>
  <testcase classname="testNGcode.IgnoreTest" name="TC002" time="0.001"/>
  <testcase classname="testNGcode.IgnoreTest" name="TC001">
    <skipped/>
  </testcase> <!-- TC001 -->
</testsuite> <!-- testNGcode.IgnoreTest -->
