<?xml version="1.0" encoding="UTF-8"?>
<!-- Generated by org.testng.reporters.JUnitReportReporter -->
<testsuite hostname="DESKTOP-COV537M" failures="0" tests="2" name="testNGcode.LogIn" time="3.560" errors="0" timestamp="2024-09-16T10:33:13 IST" skipped="0">
  <testcase classname="testNGcode.LogIn" name="login1" time="3.511"/>
  <testcase classname="testNGcode.LogIn" name="verify" time="0.049"/>
</testsuite> <!-- testNGcode.LogIn -->
