<?xml version="1.0" encoding="UTF-8"?>
<!-- Generated by org.testng.reporters.JUnitReportReporter -->
<testsuite hostname="DESKTOP-COV537M" failures="0" tests="5" name="testNGcode.Enabled" time="0.003" errors="0" timestamp="2024-09-14T15:02:34 IST" skipped="2">
  <testcase classname="testNGcode.Enabled" name="TC005" time="0.001"/>
  <system-out/>
  <testcase classname="testNGcode.Enabled" name="TC004" time="0.001"/>
  <system-out/>
  <testcase classname="testNGcode.Enabled" name="TC001" time="0.001"/>
  <system-out/>
  <testcase classname="testNGcode.Enabled" name="TC002">
    <skipped/>
  </testcase> <!-- TC002 -->
  <system-out/>
  <testcase classname="testNGcode.Enabled" name="TC003">
    <skipped/>
  </testcase> <!-- TC003 -->
  <system-out/>
</testsuite> <!-- testNGcode.Enabled -->
