<?xml version="1.0" encoding="UTF-8"?>
<!-- Generated by org.testng.reporters.JUnitReportReporter -->
<testsuite hostname="DESKTOP-COV537M" failures="0" tests="4" name="testNGcode.Prioritization" time="0.009" errors="0" timestamp="2024-09-16T10:33:13 IST" skipped="0">
  <testcase classname="testNGcode.Prioritization" name="Sign" time="0.001"/>
  <testcase classname="testNGcode.Prioritization" name="Book" time="0.006"/>
  <testcase classname="testNGcode.Prioritization" name="Search" time="0.001"/>
  <testcase classname="testNGcode.Prioritization" name="Cancel" time="0.001"/>
</testsuite> <!-- testNGcode.Prioritization -->
