<?xml version="1.0" encoding="UTF-8"?>
<!-- Generated by org.testng.reporters.JUnitReportReporter -->
<testsuite hostname="DESKTOP-COV537M" failures="0" tests="5" name="testNGcode.Grouping" time="0.011" errors="0" timestamp="2024-09-16T11:39:38 IST" skipped="0">
  <testcase classname="testNGcode.Grouping" name="TC_001" time="0.001"/>
  <testcase classname="testNGcode.Grouping" name="TC_005" time="0.001"/>
  <testcase classname="testNGcode.Grouping" name="TC_002" time="0.001"/>
  <testcase classname="testNGcode.Grouping" name="TC_004" time="0.003"/>
  <testcase classname="testNGcode.Grouping" name="TC_003" time="0.005"/>
</testsuite> <!-- testNGcode.Grouping -->
