<?xml version="1.0" encoding="UTF-8"?>
<!-- Generated by org.testng.reporters.JUnitReportReporter -->
<testsuite hostname="DESKTOP-COV537M" failures="0" tests="1" name="Testclass.copy.LoginTest" time="0.838" errors="0" timestamp="2024-09-16T10:27:51 IST" skipped="0">
  <testcase classname="Testclass.copy.LoginTest" name="LoginPageTest" time="0.838"/>
</testsuite> <!-- Testclass.copy.LoginTest -->
